<?xml version="1.0" encoding="UTF-8"?>
<testsuite name="org.gradle.buildsrc.BuildSrcClassTest" tests="1" skipped="0" failures="0" errors="0" timestamp="2015-06-10T18:43:16" hostname="kuppas-m1" time="0.002">
  <properties/>
  <testcase name="canConstructBuildSrcClass" classname="org.gradle.buildsrc.BuildSrcClassTest" time="0.002"/>
  <system-out><![CDATA[]]></system-out>
  <system-err><![CDATA[]]></system-err>
</testsuite>
